<?xml version="1.0" encoding="UTF-8"?>
<!-- Generated by org.testng.reporters.JUnitReportReporter -->
<testsuite hostname="DESKTOP-RP4O6K0" failures="0" tests="1" name="com.store.testcases.TC_Loginpagetest_Datadriven" time="3.676" errors="0" timestamp="2023-10-19T12:20:02 IST" skipped="0">
  <testcase classname="com.store.testcases.TC_Loginpagetest_Datadriven" name="verifylogin" time="3.676"/>
  <system-out/>
</testsuite> <!-- com.store.testcases.TC_Loginpagetest_Datadriven -->
