<?xml version="1.0" encoding="UTF-8"?>
<!-- Generated by org.testng.reporters.JUnitReportReporter -->
<testsuite hostname="DESKTOP-RP4O6K0" failures="0" tests="1" name="com.store.testcases.TC_Loginpagetest" time="81.570" errors="0" timestamp="2023-11-18T18:26:11 IST" skipped="0">
  <testcase classname="com.store.testcases.TC_Loginpagetest" name="verifylogin" time="81.570"/>
  <system-out/>
</testsuite> <!-- com.store.testcases.TC_Loginpagetest -->
